<?xml version="1.0" encoding="UTF-8"?>
<!-- Generated by org.testng.reporters.JUnitXMLReporter -->
<testsuite ignored="0" hostname="Niwass-MBP.lan" failures="0" tests="8" name="Test" time="10.94" errors="0" timestamp="2024-03-21T15:18:30 PDT">
  <testcase classname="org.GitHub.CRUD.GitHub" name="negativevalidationGetSingleRepository" time="2.337"/>
  <testcase classname="org.GitHub.CRUD.GitHub" name="validateAddDataFunctionality" time="2.568"/>
  <testcase classname="org.GitHub.CRUD.GitHub" name="validateGetAllRepository" time="1.692"/>
  <testcase classname="org.GitHub.CRUD.GitHub" name="validateGetSingleRepository" time="0.441"/>
  <testcase classname="org.GitHub.CRUD.GitHub" name="negativeAddDataFunctionality" time="0.553"/>
  <testcase classname="org.GitHub.CRUD.GitHub" name="validateUpdateDataFunctionality" time="0.842"/>
  <testcase classname="org.GitHub.CRUD.GitHub" name="validateDeleteData" time="0.668"/>
  <testcase classname="org.GitHub.CRUD.GitHub" name="negativeDeleteData" time="0.417"/>
</testsuite> <!-- Test -->
