<?xml version="1.0" encoding="UTF-8"?>
<testng-results ignored="3" total="8" passed="4" failed="1" skipped="0">
  <reporter-output>
  </reporter-output>
  <suite started-at="2024-03-28T11:45:09 PDT" name="Default suite" finished-at="2024-03-28T11:45:16 PDT" duration-ms="6840">
    <groups>
    </groups>
    <test started-at="2024-03-28T11:45:09 PDT" name="Default test" finished-at="2024-03-28T11:45:16 PDT" duration-ms="6840">
      <class name="org.GitHub.CRUD.GitHub">
        <test-method is-config="true" signature="beforeSuite()[pri:0, instance:org.GitHub.CRUD.GitHub@5119fb47]" started-at="2024-03-28T11:45:09 PDT" name="beforeSuite" finished-at="2024-03-28T11:45:09 PDT" duration-ms="73" status="PASS">
          <reporter-output>
          </reporter-output>
        </test-method> <!-- beforeSuite -->
        <test-method is-config="true" signature="setup()[pri:0, instance:org.GitHub.CRUD.GitHub@5119fb47]" started-at="2024-03-28T11:45:10 PDT" name="setup" finished-at="2024-03-28T11:45:10 PDT" duration-ms="464" status="PASS">
          <reporter-output>
          </reporter-output>
        </test-method> <!-- setup -->
        <test-method is-config="true" signature="beforeClass()[pri:0, instance:org.GitHub.CRUD.GitHub@5119fb47]" started-at="2024-03-28T11:45:10 PDT" name="beforeClass" finished-at="2024-03-28T11:45:10 PDT" duration-ms="32" status="PASS">
          <reporter-output>
          </reporter-output>
        </test-method> <!-- beforeClass -->
        <test-method signature="validateAddDataFunctionality()[pri:0, instance:org.GitHub.CRUD.GitHub@5119fb47]" started-at="2024-03-28T11:45:10 PDT" name="validateAddDataFunctionality" description="validate added data" finished-at="2024-03-28T11:45:13 PDT" duration-ms="2764" status="PASS">
          <reporter-output>
          </reporter-output>
        </test-method> <!-- validateAddDataFunctionality -->
        <test-method signature="negativeAddDataFunctionality()[pri:1, instance:org.GitHub.CRUD.GitHub@5119fb47]" started-at="2024-03-28T11:45:13 PDT" name="negativeAddDataFunctionality" description="validate negative added data " finished-at="2024-03-28T11:45:14 PDT" depends-on-methods="org.GitHub.CRUD.GitHub.validateAddDataFunctionality" duration-ms="1314" status="FAIL">
          <exception class="java.lang.NullPointerException">
            <message>
              <![CDATA[Cannot invoke "java.util.List.get(int)" because the return value of "org.GitHub.ResponsePOJO.NegativeCreateMsg.getErrorsmessage()" is null]]>
            </message>
            <full-stacktrace>
              <![CDATA[java.lang.NullPointerException: Cannot invoke "java.util.List.get(int)" because the return value of "org.GitHub.ResponsePOJO.NegativeCreateMsg.getErrorsmessage()" is null
at org.GitHub.CRUD.GitHub.negativeAddDataFunctionality(GitHub.java:196)
at java.base/jdk.internal.reflect.NativeMethodAccessorImpl.invoke0(Native Method)
at java.base/jdk.internal.reflect.NativeMethodAccessorImpl.invoke(NativeMethodAccessorImpl.java:77)
at java.base/jdk.internal.reflect.DelegatingMethodAccessorImpl.invoke(DelegatingMethodAccessorImpl.java:43)
at java.base/java.lang.reflect.Method.invoke(Method.java:568)
at org.testng.internal.invokers.MethodInvocationHelper.invokeMethod(MethodInvocationHelper.java:139)
at org.testng.internal.invokers.TestInvoker.invokeMethod(TestInvoker.java:677)
at org.testng.internal.invokers.TestInvoker.invokeTestMethod(TestInvoker.java:221)
at org.testng.internal.invokers.MethodRunner.runInSequence(MethodRunner.java:50)
at org.testng.internal.invokers.TestInvoker$MethodInvocationAgent.invoke(TestInvoker.java:969)
at org.testng.internal.invokers.TestInvoker.invokeTestMethods(TestInvoker.java:194)
at org.testng.internal.invokers.TestMethodWorker.invokeTestMethods(TestMethodWorker.java:148)
at org.testng.internal.invokers.TestMethodWorker.run(TestMethodWorker.java:128)
at java.base/java.util.ArrayList.forEach(ArrayList.java:1511)
at org.testng.TestRunner.privateRun(TestRunner.java:829)
at org.testng.TestRunner.run(TestRunner.java:602)
at org.testng.SuiteRunner.runTest(SuiteRunner.java:437)
at org.testng.SuiteRunner.runSequentially(SuiteRunner.java:431)
at org.testng.SuiteRunner.privateRun(SuiteRunner.java:391)
at org.testng.SuiteRunner.run(SuiteRunner.java:330)
at org.testng.SuiteRunnerWorker.runSuite(SuiteRunnerWorker.java:52)
at org.testng.SuiteRunnerWorker.run(SuiteRunnerWorker.java:95)
at org.testng.TestNG.runSuitesSequentially(TestNG.java:1256)
at org.testng.TestNG.runSuitesLocally(TestNG.java:1176)
at org.testng.TestNG.runSuites(TestNG.java:1099)
at org.testng.TestNG.run(TestNG.java:1067)
at org.testng.remote.AbstractRemoteTestNG.run(AbstractRemoteTestNG.java:115)
at org.testng.remote.RemoteTestNG.initAndRun(RemoteTestNG.java:251)
at org.testng.remote.RemoteTestNG.main(RemoteTestNG.java:77)
]]>
            </full-stacktrace>
          </exception> <!-- java.lang.NullPointerException -->
          <reporter-output>
          </reporter-output>
        </test-method> <!-- negativeAddDataFunctionality -->
        <test-method signature="validateUpdateDataFunctionality()[pri:2, instance:org.GitHub.CRUD.GitHub@5119fb47]" started-at="2024-03-28T11:45:14 PDT" name="validateUpdateDataFunctionality" description="validate update data " finished-at="2024-03-28T11:45:15 PDT" depends-on-methods="org.GitHub.CRUD.GitHub.validateAddDataFunctionality" duration-ms="935" status="PASS">
          <reporter-output>
          </reporter-output>
        </test-method> <!-- validateUpdateDataFunctionality -->
        <test-method signature="validateDeleteData()[pri:3, instance:org.GitHub.CRUD.GitHub@5119fb47]" started-at="2024-03-28T11:45:15 PDT" name="validateDeleteData" description="validate Delete data " finished-at="2024-03-28T11:45:16 PDT" depends-on-methods="org.GitHub.CRUD.GitHub.validateUpdateDataFunctionality" duration-ms="574" status="PASS">
          <reporter-output>
          </reporter-output>
        </test-method> <!-- validateDeleteData -->
        <test-method signature="negativeDeleteData()[pri:4, instance:org.GitHub.CRUD.GitHub@5119fb47]" started-at="2024-03-28T11:45:16 PDT" name="negativeDeleteData" description="negative valaidation of Delete data " finished-at="2024-03-28T11:45:16 PDT" depends-on-methods="org.GitHub.CRUD.GitHub.validateDeleteData" duration-ms="416" status="PASS">
          <reporter-output>
          </reporter-output>
        </test-method> <!-- negativeDeleteData -->
      </class> <!-- org.GitHub.CRUD.GitHub -->
    </test> <!-- Default test -->
  </suite> <!-- Default suite -->
</testng-results>
